
Showing logs for build [32mcb-kubecd-environment-pr-459-4-z2d28-1[0m stage [32mmeta-pipeline[0m and container [32mstep-credential-initializer-7wrdv[0m
{"level":"warn","ts":1567510702.0650482,"logger":"fallback-logger","caller":"logging/config.go:69","msg":"Fetch GitHub commit ID from kodata failed: \"ref: refs/heads/master\" is not a valid GitHub commit ID"}
{"level":"info","ts":1567510702.0655258,"logger":"fallback-logger","caller":"creds-init/main.go:40","msg":"Credentials initialized."}

Showing logs for build [32mcb-kubecd-environment-pr-459-4-z2d28-1[0m stage [32mmeta-pipeline[0m and container [32mstep-working-dir-initializer-gpt8b[0m
{"level":"warn","ts":1567510702.478412,"logger":"fallback-logger","caller":"logging/config.go:69","msg":"Fetch GitHub commit ID from kodata failed: open /var/run/ko/HEAD: no such file or directory"}
{"level":"info","ts":1567510702.4825385,"logger":"fallback-logger","caller":"bash/main.go:65","msg":"Successfully executed command \"mkdir -p /workspace/source\""}

Showing logs for build [32mcb-kubecd-environment-pr-459-4-z2d28-1[0m stage [32mmeta-pipeline[0m and container [32mstep-place-tools[0m

Showing logs for build [32mcb-kubecd-environment-pr-459-4-z2d28-1[0m stage [32mmeta-pipeline[0m and container [32mstep-git-source-meta-cb-kubecd-environment-pr-4-q485w[0m
{"level":"warn","ts":1567510708.5198405,"logger":"fallback-logger","caller":"logging/config.go:69","msg":"Fetch GitHub commit ID from kodata failed: \"ref: refs/heads/master\" is not a valid GitHub commit ID"}
{"level":"info","ts":1567510709.0704663,"logger":"fallback-logger","caller":"git/git.go:102","msg":"Successfully cloned https://github.com/cb-kubecd/environment-pr-459-4-tekton-gkebdd-production.git @ 192d9ae4e4fc940692d9b37984630ea6f149ab5d in path /workspace/source"}

Showing logs for build [32mcb-kubecd-environment-pr-459-4-z2d28-1[0m stage [32mmeta-pipeline[0m and container [32mstep-git-merge[0m
Using SHAs from PULL_REFS=master:192d9ae4e4fc940692d9b37984630ea6f149ab5d,1:0cc8cd4a257f29f2d23aafbbbb8bff909f099dc5
DEBUG: ran git fetch --unshallow origin 0cc8cd4a257f29f2d23aafbbbb8bff909f099dc5: 192d9ae4e4fc940692d9b37984630ea6f149ab5d: in 
DEBUG: ran git checkout master in 
DEBUG: ran git reset --hard 192d9ae4e4fc940692d9b37984630ea6f149ab5d in 
DEBUG: ran clean --force -d . in 
DEBUG: ran git merge 0cc8cd4a257f29f2d23aafbbbb8bff909f099dc5 in 
Merged SHA 0cc8cd4a257f29f2d23aafbbbb8bff909f099dc5 with commit message 'chore: Promote bdd-spring-1567509982 to version 0.0.1' into base branch master

Showing logs for build [32mcb-kubecd-environment-pr-459-4-z2d28-1[0m stage [32mmeta-pipeline[0m and container [32mstep-merge-pull-refs[0m
DEBUG: ran git fetch origin 0cc8cd4a257f29f2d23aafbbbb8bff909f099dc5: 192d9ae4e4fc940692d9b37984630ea6f149ab5d: in 
DEBUG: Unshallowed git repo in 
DEBUG: ran git checkout master in 
DEBUG: ran git reset --hard 192d9ae4e4fc940692d9b37984630ea6f149ab5d in 
DEBUG: ran clean --force -d . in 
DEBUG: ran git merge 0cc8cd4a257f29f2d23aafbbbb8bff909f099dc5 in 
Merged SHA 0cc8cd4a257f29f2d23aafbbbb8bff909f099dc5 with commit message 'chore: Promote bdd-spring-1567509982 to version 0.0.1' into base branch master

Showing logs for build [32mcb-kubecd-environment-pr-459-4-z2d28-1[0m stage [32mmeta-pipeline[0m and container [32mstep-create-effective-pipeline[0m
Deleting and cloning the Jenkins X versions repo
Cloning the Jenkins X versions repo https://github.com/jenkins-x/jenkins-x-versions.git with revision 586f9f9e4d4382a34a9d62fe6803ec907757094f to /builder/home/.**/jenkins-x-versions
From https://github.com/jenkins-x/jenkins-x-versions
 * branch            586f9f9e4d4382a34a9d62fe6803ec907757094f -> FETCH_HEAD
selected pack: /builder/home/.**/draft/packs/github.com/jenkins-x-buildpacks/jenkins-x-kubernetes/packs/environment
Effective pipeline written to jenkins-x-promotion-build-effective.yml

Showing logs for build [32mcb-kubecd-environment-pr-459-4-z2d28-1[0m stage [32mmeta-pipeline[0m and container [32mstep-create-tekton-crds[0m
Deleting and cloning the Jenkins X versions repo
Cloning the Jenkins X versions repo https://github.com/jenkins-x/jenkins-x-versions.git with revision 586f9f9e4d4382a34a9d62fe6803ec907757094f to /builder/home/.**/jenkins-x-versions
From https://github.com/jenkins-x/jenkins-x-versions
 * branch            586f9f9e4d4382a34a9d62fe6803ec907757094f -> FETCH_HEAD
PipelineActivity for cb-kubecd-environment-pr-459-4-tekton-gkebdd-production-PR-1-1
Applying changes 
upserted PipelineResource cb-kubecd-environment-pr-459-4 for the git repository https://github.com/cb-kubecd/environment-pr-459-4-tekton-gkebdd-production.git
upserted Task cb-kubecd-environment-pr-459-4-z2d28-from-build-pack-1
upserted Pipeline cb-kubecd-environment-pr-459-4-z2d28-1
created PipelineRun cb-kubecd-environment-pr-459-4-z2d28-1
created PipelineStructure cb-kubecd-environment-pr-459-4-z2d28-1

Showing logs for build [32mcb-kubecd-environment-pr-459-4-z2d28-1[0m stage [32mfrom-build-pack[0m and container [32mstep-credential-initializer-mp2wj[0m
{"level":"warn","ts":1567510721.277966,"logger":"fallback-logger","caller":"logging/config.go:69","msg":"Fetch GitHub commit ID from kodata failed: \"ref: refs/heads/master\" is not a valid GitHub commit ID"}
{"level":"info","ts":1567510721.279601,"logger":"fallback-logger","caller":"creds-init/main.go:40","msg":"Credentials initialized."}

Showing logs for build [32mcb-kubecd-environment-pr-459-4-z2d28-1[0m stage [32mfrom-build-pack[0m and container [32mstep-working-dir-initializer-5dzzs[0m
{"level":"warn","ts":1567510722.4780846,"logger":"fallback-logger","caller":"logging/config.go:69","msg":"Fetch GitHub commit ID from kodata failed: open /var/run/ko/HEAD: no such file or directory"}
{"level":"info","ts":1567510722.4792988,"logger":"fallback-logger","caller":"bash/main.go:65","msg":"Successfully executed command \"mkdir -p /workspace/source /workspace/source/env\""}

Showing logs for build [32mcb-kubecd-environment-pr-459-4-z2d28-1[0m stage [32mfrom-build-pack[0m and container [32mstep-place-tools[0m

Showing logs for build [32mcb-kubecd-environment-pr-459-4-z2d28-1[0m stage [32mfrom-build-pack[0m and container [32mstep-git-source-cb-kubecd-environment-pr-459-4-6c8wm[0m
{"level":"warn","ts":1567510847.6115506,"logger":"fallback-logger","caller":"logging/config.go:69","msg":"Fetch GitHub commit ID from kodata failed: \"ref: refs/heads/master\" is not a valid GitHub commit ID"}
{"level":"info","ts":1567510848.198013,"logger":"fallback-logger","caller":"git/git.go:102","msg":"Successfully cloned https://github.com/cb-kubecd/environment-pr-459-4-tekton-gkebdd-production.git @ master in path /workspace/source"}

Showing logs for build [32mcb-kubecd-environment-pr-459-4-z2d28-1[0m stage [32mfrom-build-pack[0m and container [32mstep-git-merge[0m
Using SHAs from PULL_REFS=master:192d9ae4e4fc940692d9b37984630ea6f149ab5d,1:0cc8cd4a257f29f2d23aafbbbb8bff909f099dc5
DEBUG: ran git fetch origin 0cc8cd4a257f29f2d23aafbbbb8bff909f099dc5: 192d9ae4e4fc940692d9b37984630ea6f149ab5d: in 
DEBUG: Unshallowed git repo in 
DEBUG: ran git checkout master in 
DEBUG: ran git reset --hard 192d9ae4e4fc940692d9b37984630ea6f149ab5d in 
DEBUG: ran clean --force -d . in 
DEBUG: ran git merge 0cc8cd4a257f29f2d23aafbbbb8bff909f099dc5 in 
Merged SHA 0cc8cd4a257f29f2d23aafbbbb8bff909f099dc5 with commit message 'chore: Promote bdd-spring-1567509982 to version 0.0.1' into base branch master

Showing logs for build [32mcb-kubecd-environment-pr-459-4-z2d28-1[0m stage [32mfrom-build-pack[0m and container [32mstep-build-helm-build[0m
WARNING: No $CHART_REPOSITORY defined so using the default value of: http://jenkins-x-chartmuseum:8080
Adding missing Helm repo: storage.googleapis.com https://storage.googleapis.com/chartmuseum.jenkins-x.io
Successfully added Helm repository storage.googleapis.com.
Adding missing Helm repo: jenkins-x-chartmuseum http://jenkins-x-chartmuseum:8080
Successfully added Helm repository jenkins-x-chartmuseum.
WARNING: No $CHART_REPOSITORY defined so using the default value of: http://jenkins-x-chartmuseum:8080
Adding missing Helm repo: chartmuseum.jenkins-x.io http://chartmuseum.jenkins-x.io
Successfully added Helm repository chartmuseum.jenkins-x.io.
